<?xml version="1.0" encoding="UTF-8"?>
<!-- Generated by org.testng.reporters.JUnitXMLReporter -->
<testsuite hostname="LAPTOP-06F7N1DT" ignored="0" name="Command line test" tests="6" failures="0" timestamp="29 Jan 2019 09:20:07 GMT" time="32.451" errors="0">
  <testcase name="SortMobilesByNameTestCase" time="7.169" classname="TestList1.TestCase1"/>
  <testcase name="VerifyPricesPdpPlpTestCase" time="2.962" classname="TestList1.TestCase2"/>
  <testcase name="AddProductsToBasketTestCase" time="3.205" classname="TestList1.TestCase3"/>
  <testcase name="CompareTwoProductsTestCase" time="3.712" classname="TestList1.TestCase4"/>
  <testcase name="RegisterAndAddWishList" time="5.36" classname="TestList1.TestCase5"/>
  <testcase name="LoginAndBuyWishList" time="10.016" classname="TestList1.TestCase5"/>
</testsuite> <!-- Command line test -->
